<?xml version="1.0" encoding="UTF-8"?>
<testsuite name="com.cryptoGame.externalApis.cryptoStock.nomics.NomicsConfigTest" tests="2" skipped="0" failures="0" errors="0" timestamp="2022-03-09T17:52:45" hostname="DESKTOP-OP46SOO" time="0.021">
  <properties/>
  <testcase name="getDefaultCurrencies()" classname="com.cryptoGame.externalApis.cryptoStock.nomics.NomicsConfigTest" time="0.016"/>
  <testcase name="getNomicsApiKey()" classname="com.cryptoGame.externalApis.cryptoStock.nomics.NomicsConfigTest" time="0.004"/>
  <system-out><![CDATA[2022-03-09 18:52:45.615  INFO 6108 --- [    Test worker] .b.t.c.SpringBootTestContextBootstrapper : Neither @ContextConfiguration nor @ContextHierarchy found for test class [com.cryptoGame.externalApis.cryptoStock.nomics.NomicsConfigTest], using SpringBootContextLoader
2022-03-09 18:52:45.618  INFO 6108 --- [    Test worker] o.s.t.c.support.AbstractContextLoader    : Could not detect default resource locations for test class [com.cryptoGame.externalApis.cryptoStock.nomics.NomicsConfigTest]: no resource found for suffixes {-context.xml, Context.groovy}.
2022-03-09 18:52:45.618  INFO 6108 --- [    Test worker] t.c.s.AnnotationConfigContextLoaderUtils : Could not detect default configuration classes for test class [com.cryptoGame.externalApis.cryptoStock.nomics.NomicsConfigTest]: NomicsConfigTest does not declare any static, non-private, non-final, nested classes annotated with @Configuration.
2022-03-09 18:52:45.620  INFO 6108 --- [    Test worker] .b.t.c.SpringBootTestContextBootstrapper : Found @SpringBootConfiguration com.cryptoGame.ApplicationRunner for test class com.cryptoGame.externalApis.cryptoStock.nomics.NomicsConfigTest
2022-03-09 18:52:45.623  INFO 6108 --- [    Test worker] .b.t.c.SpringBootTestContextBootstrapper : Loaded default TestExecutionListener class names from location [META-INF/spring.factories]: [org.springframework.boot.test.autoconfigure.restdocs.RestDocsTestExecutionListener, org.springframework.boot.test.autoconfigure.web.client.MockRestServiceServerResetTestExecutionListener, org.springframework.boot.test.autoconfigure.web.servlet.MockMvcPrintOnlyOnFailureTestExecutionListener, org.springframework.boot.test.autoconfigure.web.servlet.WebDriverTestExecutionListener, org.springframework.boot.test.autoconfigure.webservices.client.MockWebServiceServerTestExecutionListener, org.springframework.boot.test.mock.mockito.MockitoTestExecutionListener, org.springframework.boot.test.mock.mockito.ResetMocksTestExecutionListener, org.springframework.test.context.web.ServletTestExecutionListener, org.springframework.test.context.support.DirtiesContextBeforeModesTestExecutionListener, org.springframework.test.context.event.ApplicationEventsTestExecutionListener, org.springframework.test.context.support.DependencyInjectionTestExecutionListener, org.springframework.test.context.support.DirtiesContextTestExecutionListener, org.springframework.test.context.transaction.TransactionalTestExecutionListener, org.springframework.test.context.jdbc.SqlScriptsTestExecutionListener, org.springframework.test.context.event.EventPublishingTestExecutionListener]
2022-03-09 18:52:45.624  INFO 6108 --- [    Test worker] .b.t.c.SpringBootTestContextBootstrapper : Using TestExecutionListeners: [org.springframework.test.context.web.ServletTestExecutionListener@263a7aa, org.springframework.test.context.support.DirtiesContextBeforeModesTestExecutionListener@40aeb7a5, org.springframework.test.context.event.ApplicationEventsTestExecutionListener@6e6aa80a, org.springframework.boot.test.mock.mockito.MockitoTestExecutionListener@5103dfb0, org.springframework.boot.test.autoconfigure.SpringBootDependencyInjectionTestExecutionListener@4ec26ccd, org.springframework.test.context.support.DirtiesContextTestExecutionListener@7be4e92f, org.springframework.test.context.transaction.TransactionalTestExecutionListener@407534a1, org.springframework.test.context.jdbc.SqlScriptsTestExecutionListener@f448d40, org.springframework.test.context.event.EventPublishingTestExecutionListener@52bd2c61, org.springframework.boot.test.autoconfigure.restdocs.RestDocsTestExecutionListener@e4c1a88, org.springframework.boot.test.autoconfigure.web.client.MockRestServiceServerResetTestExecutionListener@67f5f7dc, org.springframework.boot.test.autoconfigure.web.servlet.MockMvcPrintOnlyOnFailureTestExecutionListener@4cf058ef, org.springframework.boot.test.autoconfigure.web.servlet.WebDriverTestExecutionListener@7795ab34, org.springframework.boot.test.autoconfigure.webservices.client.MockWebServiceServerTestExecutionListener@19637714, org.springframework.boot.test.mock.mockito.ResetMocksTestExecutionListener@51e038f3]
]]></system-out>
  <system-err><![CDATA[]]></system-err>
</testsuite>
