<?xml version="1.0" encoding="UTF-8"?>
<testsuite name="com.cryptoGame.externalApis.cryptoStock.nomics.NomicsClientTest" tests="2" skipped="0" failures="0" errors="0" timestamp="2022-03-09T17:52:41" hostname="DESKTOP-OP46SOO" time="3.883">
  <properties/>
  <testcase name="getCoins()" classname="com.cryptoGame.externalApis.cryptoStock.nomics.NomicsClientTest" time="3.874"/>
  <testcase name="getPrice()" classname="com.cryptoGame.externalApis.cryptoStock.nomics.NomicsClientTest" time="0.008"/>
  <system-out><![CDATA[2022-03-09 18:52:41.714  INFO 6108 --- [    Test worker] .b.t.c.SpringBootTestContextBootstrapper : Neither @ContextConfiguration nor @ContextHierarchy found for test class [com.cryptoGame.externalApis.cryptoStock.nomics.NomicsClientTest], using SpringBootContextLoader
2022-03-09 18:52:41.715  INFO 6108 --- [    Test worker] o.s.t.c.support.AbstractContextLoader    : Could not detect default resource locations for test class [com.cryptoGame.externalApis.cryptoStock.nomics.NomicsClientTest]: no resource found for suffixes {-context.xml, Context.groovy}.
2022-03-09 18:52:41.715  INFO 6108 --- [    Test worker] t.c.s.AnnotationConfigContextLoaderUtils : Could not detect default configuration classes for test class [com.cryptoGame.externalApis.cryptoStock.nomics.NomicsClientTest]: NomicsClientTest does not declare any static, non-private, non-final, nested classes annotated with @Configuration.
2022-03-09 18:52:41.722  INFO 6108 --- [    Test worker] .b.t.c.SpringBootTestContextBootstrapper : Found @SpringBootConfiguration com.cryptoGame.ApplicationRunner for test class com.cryptoGame.externalApis.cryptoStock.nomics.NomicsClientTest
2022-03-09 18:52:41.725  INFO 6108 --- [    Test worker] .b.t.c.SpringBootTestContextBootstrapper : Loaded default TestExecutionListener class names from location [META-INF/spring.factories]: [org.springframework.boot.test.autoconfigure.restdocs.RestDocsTestExecutionListener, org.springframework.boot.test.autoconfigure.web.client.MockRestServiceServerResetTestExecutionListener, org.springframework.boot.test.autoconfigure.web.servlet.MockMvcPrintOnlyOnFailureTestExecutionListener, org.springframework.boot.test.autoconfigure.web.servlet.WebDriverTestExecutionListener, org.springframework.boot.test.autoconfigure.webservices.client.MockWebServiceServerTestExecutionListener, org.springframework.boot.test.mock.mockito.MockitoTestExecutionListener, org.springframework.boot.test.mock.mockito.ResetMocksTestExecutionListener, org.springframework.test.context.web.ServletTestExecutionListener, org.springframework.test.context.support.DirtiesContextBeforeModesTestExecutionListener, org.springframework.test.context.event.ApplicationEventsTestExecutionListener, org.springframework.test.context.support.DependencyInjectionTestExecutionListener, org.springframework.test.context.support.DirtiesContextTestExecutionListener, org.springframework.test.context.transaction.TransactionalTestExecutionListener, org.springframework.test.context.jdbc.SqlScriptsTestExecutionListener, org.springframework.test.context.event.EventPublishingTestExecutionListener]
2022-03-09 18:52:41.725  INFO 6108 --- [    Test worker] .b.t.c.SpringBootTestContextBootstrapper : Using TestExecutionListeners: [org.springframework.test.context.web.ServletTestExecutionListener@4dd81627, org.springframework.test.context.support.DirtiesContextBeforeModesTestExecutionListener@2789f40d, org.springframework.test.context.event.ApplicationEventsTestExecutionListener@6bfd0309, org.springframework.boot.test.mock.mockito.MockitoTestExecutionListener@24e0441d, org.springframework.boot.test.autoconfigure.SpringBootDependencyInjectionTestExecutionListener@29840788, org.springframework.test.context.support.DirtiesContextTestExecutionListener@41c5b729, org.springframework.test.context.transaction.TransactionalTestExecutionListener@42a31153, org.springframework.test.context.jdbc.SqlScriptsTestExecutionListener@644565b6, org.springframework.test.context.event.EventPublishingTestExecutionListener@6df486f1, org.springframework.boot.test.autoconfigure.restdocs.RestDocsTestExecutionListener@1e41899, org.springframework.boot.test.autoconfigure.web.client.MockRestServiceServerResetTestExecutionListener@5b17a87f, org.springframework.boot.test.autoconfigure.web.servlet.MockMvcPrintOnlyOnFailureTestExecutionListener@14b01e7e, org.springframework.boot.test.autoconfigure.web.servlet.WebDriverTestExecutionListener@5d3ac117, org.springframework.boot.test.autoconfigure.webservices.client.MockWebServiceServerTestExecutionListener@7cbb2af9, org.springframework.boot.test.mock.mockito.ResetMocksTestExecutionListener@1a092141]
12234.53636066
1000
0.08173583
]]></system-out>
  <system-err><![CDATA[]]></system-err>
</testsuite>
