<?xml version="1.0" encoding="UTF-8"?>
<testsuite name="com.cryptoGame.domain.CoinTest" tests="1" skipped="0" failures="0" errors="0" timestamp="2022-03-09T17:52:45" hostname="DESKTOP-OP46SOO" time="0.004">
  <properties/>
  <testcase name="getName()" classname="com.cryptoGame.domain.CoinTest" time="0.004"/>
  <system-out><![CDATA[]]></system-out>
  <system-err><![CDATA[]]></system-err>
</testsuite>
