<?xml version="1.0" encoding="UTF-8"?>
<testsuite name="com.cryptoGame.ApplicationRunnerTest" tests="1" skipped="0" failures="0" errors="0" timestamp="2022-03-09T17:52:41" hostname="DESKTOP-OP46SOO" time="0.118">
  <properties/>
  <testcase name="contextLoads()" classname="com.cryptoGame.ApplicationRunnerTest" time="0.118"/>
  <system-out><![CDATA[18:52:32.800 [Test worker] DEBUG org.springframework.test.context.BootstrapUtils - Instantiating CacheAwareContextLoaderDelegate from class [org.springframework.test.context.cache.DefaultCacheAwareContextLoaderDelegate]
18:52:32.809 [Test worker] DEBUG org.springframework.test.context.BootstrapUtils - Instantiating BootstrapContext using constructor [public org.springframework.test.context.support.DefaultBootstrapContext(java.lang.Class,org.springframework.test.context.CacheAwareContextLoaderDelegate)]
18:52:32.846 [Test worker] DEBUG org.springframework.test.context.BootstrapUtils - Instantiating TestContextBootstrapper for test class [com.cryptoGame.ApplicationRunnerTest] from class [org.springframework.boot.test.context.SpringBootTestContextBootstrapper]
18:52:32.870 [Test worker] INFO org.springframework.boot.test.context.SpringBootTestContextBootstrapper - Neither @ContextConfiguration nor @ContextHierarchy found for test class [com.cryptoGame.ApplicationRunnerTest], using SpringBootContextLoader
18:52:32.874 [Test worker] DEBUG org.springframework.test.context.support.AbstractContextLoader - Did not detect default resource location for test class [com.cryptoGame.ApplicationRunnerTest]: class path resource [com/cryptoGame/ApplicationRunnerTest-context.xml] does not exist
18:52:32.876 [Test worker] DEBUG org.springframework.test.context.support.AbstractContextLoader - Did not detect default resource location for test class [com.cryptoGame.ApplicationRunnerTest]: class path resource [com/cryptoGame/ApplicationRunnerTestContext.groovy] does not exist
18:52:32.876 [Test worker] INFO org.springframework.test.context.support.AbstractContextLoader - Could not detect default resource locations for test class [com.cryptoGame.ApplicationRunnerTest]: no resource found for suffixes {-context.xml, Context.groovy}.
18:52:32.877 [Test worker] INFO org.springframework.test.context.support.AnnotationConfigContextLoaderUtils - Could not detect default configuration classes for test class [com.cryptoGame.ApplicationRunnerTest]: ApplicationRunnerTest does not declare any static, non-private, non-final, nested classes annotated with @Configuration.
18:52:32.929 [Test worker] DEBUG org.springframework.test.context.support.ActiveProfilesUtils - Could not find an 'annotation declaring class' for annotation type [org.springframework.test.context.ActiveProfiles] and class [com.cryptoGame.ApplicationRunnerTest]
18:52:33.009 [Test worker] DEBUG org.springframework.context.annotation.ClassPathScanningCandidateComponentProvider - Identified candidate component class: file [D:\Users\User\IdeaProjects\crypto-game\build\classes\java\main\com\cryptoGame\ApplicationRunner.class]
18:52:33.010 [Test worker] INFO org.springframework.boot.test.context.SpringBootTestContextBootstrapper - Found @SpringBootConfiguration com.cryptoGame.ApplicationRunner for test class com.cryptoGame.ApplicationRunnerTest
18:52:33.131 [Test worker] DEBUG org.springframework.boot.test.context.SpringBootTestContextBootstrapper - @TestExecutionListeners is not present for class [com.cryptoGame.ApplicationRunnerTest]: using defaults.
18:52:33.132 [Test worker] INFO org.springframework.boot.test.context.SpringBootTestContextBootstrapper - Loaded default TestExecutionListener class names from location [META-INF/spring.factories]: [org.springframework.boot.test.autoconfigure.restdocs.RestDocsTestExecutionListener, org.springframework.boot.test.autoconfigure.web.client.MockRestServiceServerResetTestExecutionListener, org.springframework.boot.test.autoconfigure.web.servlet.MockMvcPrintOnlyOnFailureTestExecutionListener, org.springframework.boot.test.autoconfigure.web.servlet.WebDriverTestExecutionListener, org.springframework.boot.test.autoconfigure.webservices.client.MockWebServiceServerTestExecutionListener, org.springframework.boot.test.mock.mockito.MockitoTestExecutionListener, org.springframework.boot.test.mock.mockito.ResetMocksTestExecutionListener, org.springframework.test.context.web.ServletTestExecutionListener, org.springframework.test.context.support.DirtiesContextBeforeModesTestExecutionListener, org.springframework.test.context.event.ApplicationEventsTestExecutionListener, org.springframework.test.context.support.DependencyInjectionTestExecutionListener, org.springframework.test.context.support.DirtiesContextTestExecutionListener, org.springframework.test.context.transaction.TransactionalTestExecutionListener, org.springframework.test.context.jdbc.SqlScriptsTestExecutionListener, org.springframework.test.context.event.EventPublishingTestExecutionListener]
18:52:33.171 [Test worker] INFO org.springframework.boot.test.context.SpringBootTestContextBootstrapper - Using TestExecutionListeners: [org.springframework.test.context.web.ServletTestExecutionListener@5031e8ee, org.springframework.test.context.support.DirtiesContextBeforeModesTestExecutionListener@1222f259, org.springframework.test.context.event.ApplicationEventsTestExecutionListener@17460957, org.springframework.boot.test.mock.mockito.MockitoTestExecutionListener@3d512c33, org.springframework.boot.test.autoconfigure.SpringBootDependencyInjectionTestExecutionListener@62f8d5ef, org.springframework.test.context.support.DirtiesContextTestExecutionListener@674d53d3, org.springframework.test.context.transaction.TransactionalTestExecutionListener@40e6e2dc, org.springframework.test.context.jdbc.SqlScriptsTestExecutionListener@74e27e47, org.springframework.test.context.event.EventPublishingTestExecutionListener@50119a99, org.springframework.boot.test.autoconfigure.restdocs.RestDocsTestExecutionListener@5dcf8883, org.springframework.boot.test.autoconfigure.web.client.MockRestServiceServerResetTestExecutionListener@2ac871e4, org.springframework.boot.test.autoconfigure.web.servlet.MockMvcPrintOnlyOnFailureTestExecutionListener@4d3f32bc, org.springframework.boot.test.autoconfigure.web.servlet.WebDriverTestExecutionListener@1126acd0, org.springframework.boot.test.autoconfigure.webservices.client.MockWebServiceServerTestExecutionListener@308ca5e7, org.springframework.boot.test.mock.mockito.ResetMocksTestExecutionListener@5922a543]
18:52:33.178 [Test worker] DEBUG org.springframework.test.context.support.AbstractDirtiesContextTestExecutionListener - Before test class: context [DefaultTestContext@4150f543 testClass = ApplicationRunnerTest, testInstance = [null], testMethod = [null], testException = [null], mergedContextConfiguration = [WebMergedContextConfiguration@720aab35 testClass = ApplicationRunnerTest, locations = '{}', classes = '{class com.cryptoGame.ApplicationRunner}', contextInitializerClasses = '[]', activeProfiles = '{}', propertySourceLocations = '{}', propertySourceProperties = '{org.springframework.boot.test.context.SpringBootTestContextBootstrapper=true}', contextCustomizers = set[org.springframework.boot.test.autoconfigure.actuate.metrics.MetricsExportContextCustomizerFactory$DisableMetricExportContextCustomizer@7bfe9e77, org.springframework.boot.test.autoconfigure.properties.PropertyMappingContextCustomizer@0, org.springframework.boot.test.autoconfigure.web.servlet.WebDriverContextCustomizerFactory$Customizer@4eabf2d2, org.springframework.boot.test.context.filter.ExcludeFilterContextCustomizer@77900010, org.springframework.boot.test.json.DuplicateJsonObjectContextCustomizerFactory$DuplicateJsonObjectContextCustomizer@58112ad5, org.springframework.boot.test.mock.mockito.MockitoContextCustomizer@0, org.springframework.boot.test.web.client.TestRestTemplateContextCustomizer@21ced730, org.springframework.boot.test.context.SpringBootTestArgs@1, org.springframework.boot.test.context.SpringBootTestWebEnvironment@675f1366], resourceBasePath = 'src/main/webapp', contextLoader = 'org.springframework.boot.test.context.SpringBootContextLoader', parent = [null]], attributes = map['org.springframework.test.context.web.ServletTestExecutionListener.activateListener' -> true]], class annotated with @DirtiesContext [false] with mode [null].
18:52:33.230 [Test worker] DEBUG org.springframework.test.context.support.TestPropertySourceUtils - Adding inlined properties to environment: {spring.jmx.enabled=false, org.springframework.boot.test.context.SpringBootTestContextBootstrapper=true}

  .   ____          _            __ _ _
 /\\ / ___'_ __ _ _(_)_ __  __ _ \ \ \ \
( ( )\___ | '_ | '_| | '_ \/ _` | \ \ \ \
 \\/  ___)| |_)| | | | | || (_| |  ) ) ) )
  '  |____| .__|_| |_|_| |_\__, | / / / /
 =========|_|==============|___/=/_/_/_/
 :: Spring Boot ::               (v2.4.12)

2022-03-09 18:52:33.553  INFO 6108 --- [    Test worker] com.cryptoGame.ApplicationRunnerTest     : Starting ApplicationRunnerTest using Java 11.0.12 on DESKTOP-OP46SOO with PID 6108 (started by User in D:\Users\User\IdeaProjects\crypto-game)
2022-03-09 18:52:33.560  INFO 6108 --- [    Test worker] com.cryptoGame.ApplicationRunnerTest     : No active profile set, falling back to default profiles: default
2022-03-09 18:52:35.411  INFO 6108 --- [    Test worker] .s.d.r.c.RepositoryConfigurationDelegate : Multiple Spring Data modules found, entering strict repository configuration mode!
2022-03-09 18:52:35.415  INFO 6108 --- [    Test worker] .s.d.r.c.RepositoryConfigurationDelegate : Bootstrapping Spring Data JDBC repositories in DEFAULT mode.
2022-03-09 18:52:35.474  INFO 6108 --- [    Test worker] .RepositoryConfigurationExtensionSupport : Spring Data JDBC - Could not safely identify store assignment for repository candidate interface com.cryptoGame.repository.CoinRepository. If you want this repository to be a JDBC repository, consider annotating your entities with one of these annotations: org.springframework.data.relational.core.mapping.Table.
2022-03-09 18:52:35.479  INFO 6108 --- [    Test worker] .RepositoryConfigurationExtensionSupport : Spring Data JDBC - Could not safely identify store assignment for repository candidate interface com.cryptoGame.repository.OrganisationRepository. If you want this repository to be a JDBC repository, consider annotating your entities with one of these annotations: org.springframework.data.relational.core.mapping.Table.
2022-03-09 18:52:35.481  INFO 6108 --- [    Test worker] .RepositoryConfigurationExtensionSupport : Spring Data JDBC - Could not safely identify store assignment for repository candidate interface com.cryptoGame.repository.UserRepository. If you want this repository to be a JDBC repository, consider annotating your entities with one of these annotations: org.springframework.data.relational.core.mapping.Table.
2022-03-09 18:52:35.492  INFO 6108 --- [    Test worker] .RepositoryConfigurationExtensionSupport : Spring Data JDBC - Could not safely identify store assignment for repository candidate interface com.cryptoGame.repository.UserTransactionRepository. If you want this repository to be a JDBC repository, consider annotating your entities with one of these annotations: org.springframework.data.relational.core.mapping.Table.
2022-03-09 18:52:35.494  INFO 6108 --- [    Test worker] .s.d.r.c.RepositoryConfigurationDelegate : Finished Spring Data repository scanning in 69 ms. Found 0 JDBC repository interfaces.
2022-03-09 18:52:35.513  INFO 6108 --- [    Test worker] .s.d.r.c.RepositoryConfigurationDelegate : Multiple Spring Data modules found, entering strict repository configuration mode!
2022-03-09 18:52:35.515  INFO 6108 --- [    Test worker] .s.d.r.c.RepositoryConfigurationDelegate : Bootstrapping Spring Data JPA repositories in DEFAULT mode.
2022-03-09 18:52:35.542  INFO 6108 --- [    Test worker] .RepositoryConfigurationExtensionSupport : Spring Data JPA - Could not safely identify store assignment for repository candidate interface com.cryptoGame.repository.CoinRepository. If you want this repository to be a JPA repository, consider annotating your entities with one of these annotations: javax.persistence.Entity, javax.persistence.MappedSuperclass (preferred), or consider extending one of the following types with your repository: org.springframework.data.jpa.repository.JpaRepository.
2022-03-09 18:52:35.761  INFO 6108 --- [    Test worker] .s.d.r.c.RepositoryConfigurationDelegate : Finished Spring Data repository scanning in 228 ms. Found 3 JPA repository interfaces.
2022-03-09 18:52:37.382  INFO 6108 --- [    Test worker] o.hibernate.jpa.internal.util.LogHelper  : HHH000204: Processing PersistenceUnitInfo [name: default]
2022-03-09 18:52:37.446  INFO 6108 --- [    Test worker] org.hibernate.Version                    : HHH000412: Hibernate ORM core version 5.4.32.Final
2022-03-09 18:52:37.605  INFO 6108 --- [    Test worker] o.hibernate.annotations.common.Version   : HCANN000001: Hibernate Commons Annotations {5.1.2.Final}
2022-03-09 18:52:37.729  INFO 6108 --- [    Test worker] com.zaxxer.hikari.HikariDataSource       : HikariPool-1 - Starting...
2022-03-09 18:52:37.930  INFO 6108 --- [    Test worker] com.zaxxer.hikari.HikariDataSource       : HikariPool-1 - Start completed.
2022-03-09 18:52:37.949  INFO 6108 --- [    Test worker] org.hibernate.dialect.Dialect            : HHH000400: Using dialect: org.hibernate.dialect.MySQL57Dialect
2022-03-09 18:52:39.445  INFO 6108 --- [    Test worker] o.h.e.t.j.p.i.JtaPlatformInitiator       : HHH000490: Using JtaPlatform implementation: [org.hibernate.engine.transaction.jta.platform.internal.NoJtaPlatform]
2022-03-09 18:52:39.453  INFO 6108 --- [    Test worker] j.LocalContainerEntityManagerFactoryBean : Initialized JPA EntityManagerFactory for persistence unit 'default'
2022-03-09 18:52:40.237  WARN 6108 --- [    Test worker] JpaBaseConfiguration$JpaWebConfiguration : spring.jpa.open-in-view is enabled by default. Therefore, database queries may be performed during view rendering. Explicitly configure spring.jpa.open-in-view to disable this warning
2022-03-09 18:52:41.441  INFO 6108 --- [    Test worker] o.s.b.a.e.web.EndpointLinksResolver      : Exposing 2 endpoint(s) beneath base path '/actuator'
2022-03-09 18:52:41.505  INFO 6108 --- [    Test worker] com.cryptoGame.ApplicationRunnerTest     : Started ApplicationRunnerTest in 8.259 seconds (JVM running for 9.711)
]]></system-out>
  <system-err><![CDATA[]]></system-err>
</testsuite>
