<?xml version="1.0" encoding="UTF-8"?>
<testsuite name="com.cryptoGame.ApplicationRunnerTest" tests="1" skipped="0" failures="0" errors="0" timestamp="2022-03-03T23:55:12" hostname="DESKTOP-OP46SOO" time="0.099">
  <properties/>
  <testcase name="contextLoads()" classname="com.cryptoGame.ApplicationRunnerTest" time="0.099"/>
  <system-out><![CDATA[00:55:05.653 [Test worker] DEBUG org.springframework.test.context.BootstrapUtils - Instantiating CacheAwareContextLoaderDelegate from class [org.springframework.test.context.cache.DefaultCacheAwareContextLoaderDelegate]
00:55:05.664 [Test worker] DEBUG org.springframework.test.context.BootstrapUtils - Instantiating BootstrapContext using constructor [public org.springframework.test.context.support.DefaultBootstrapContext(java.lang.Class,org.springframework.test.context.CacheAwareContextLoaderDelegate)]
00:55:05.709 [Test worker] DEBUG org.springframework.test.context.BootstrapUtils - Instantiating TestContextBootstrapper for test class [com.cryptoGame.ApplicationRunnerTest] from class [org.springframework.boot.test.context.SpringBootTestContextBootstrapper]
00:55:05.724 [Test worker] INFO org.springframework.boot.test.context.SpringBootTestContextBootstrapper - Neither @ContextConfiguration nor @ContextHierarchy found for test class [com.cryptoGame.ApplicationRunnerTest], using SpringBootContextLoader
00:55:05.729 [Test worker] DEBUG org.springframework.test.context.support.AbstractContextLoader - Did not detect default resource location for test class [com.cryptoGame.ApplicationRunnerTest]: class path resource [com/cryptoGame/ApplicationRunnerTest-context.xml] does not exist
00:55:05.730 [Test worker] DEBUG org.springframework.test.context.support.AbstractContextLoader - Did not detect default resource location for test class [com.cryptoGame.ApplicationRunnerTest]: class path resource [com/cryptoGame/ApplicationRunnerTestContext.groovy] does not exist
00:55:05.730 [Test worker] INFO org.springframework.test.context.support.AbstractContextLoader - Could not detect default resource locations for test class [com.cryptoGame.ApplicationRunnerTest]: no resource found for suffixes {-context.xml, Context.groovy}.
00:55:05.731 [Test worker] INFO org.springframework.test.context.support.AnnotationConfigContextLoaderUtils - Could not detect default configuration classes for test class [com.cryptoGame.ApplicationRunnerTest]: ApplicationRunnerTest does not declare any static, non-private, non-final, nested classes annotated with @Configuration.
00:55:05.783 [Test worker] DEBUG org.springframework.test.context.support.ActiveProfilesUtils - Could not find an 'annotation declaring class' for annotation type [org.springframework.test.context.ActiveProfiles] and class [com.cryptoGame.ApplicationRunnerTest]
00:55:05.848 [Test worker] DEBUG org.springframework.context.annotation.ClassPathScanningCandidateComponentProvider - Identified candidate component class: file [D:\Users\User\IdeaProjects\crypto-game\build\classes\java\main\com\cryptoGame\ApplicationRunner.class]
00:55:05.849 [Test worker] INFO org.springframework.boot.test.context.SpringBootTestContextBootstrapper - Found @SpringBootConfiguration com.cryptoGame.ApplicationRunner for test class com.cryptoGame.ApplicationRunnerTest
00:55:05.968 [Test worker] DEBUG org.springframework.boot.test.context.SpringBootTestContextBootstrapper - @TestExecutionListeners is not present for class [com.cryptoGame.ApplicationRunnerTest]: using defaults.
00:55:05.968 [Test worker] INFO org.springframework.boot.test.context.SpringBootTestContextBootstrapper - Loaded default TestExecutionListener class names from location [META-INF/spring.factories]: [org.springframework.boot.test.autoconfigure.restdocs.RestDocsTestExecutionListener, org.springframework.boot.test.autoconfigure.web.client.MockRestServiceServerResetTestExecutionListener, org.springframework.boot.test.autoconfigure.web.servlet.MockMvcPrintOnlyOnFailureTestExecutionListener, org.springframework.boot.test.autoconfigure.web.servlet.WebDriverTestExecutionListener, org.springframework.boot.test.autoconfigure.webservices.client.MockWebServiceServerTestExecutionListener, org.springframework.boot.test.mock.mockito.MockitoTestExecutionListener, org.springframework.boot.test.mock.mockito.ResetMocksTestExecutionListener, org.springframework.test.context.web.ServletTestExecutionListener, org.springframework.test.context.support.DirtiesContextBeforeModesTestExecutionListener, org.springframework.test.context.event.ApplicationEventsTestExecutionListener, org.springframework.test.context.support.DependencyInjectionTestExecutionListener, org.springframework.test.context.support.DirtiesContextTestExecutionListener, org.springframework.test.context.transaction.TransactionalTestExecutionListener, org.springframework.test.context.jdbc.SqlScriptsTestExecutionListener, org.springframework.test.context.event.EventPublishingTestExecutionListener]
00:55:05.992 [Test worker] INFO org.springframework.boot.test.context.SpringBootTestContextBootstrapper - Using TestExecutionListeners: [org.springframework.test.context.web.ServletTestExecutionListener@67f99f1, org.springframework.test.context.support.DirtiesContextBeforeModesTestExecutionListener@22423520, org.springframework.test.context.event.ApplicationEventsTestExecutionListener@345ec1f0, org.springframework.boot.test.mock.mockito.MockitoTestExecutionListener@19a38852, org.springframework.boot.test.autoconfigure.SpringBootDependencyInjectionTestExecutionListener@63e93a86, org.springframework.test.context.support.DirtiesContextTestExecutionListener@5031e8ee, org.springframework.test.context.transaction.TransactionalTestExecutionListener@1222f259, org.springframework.test.context.jdbc.SqlScriptsTestExecutionListener@17460957, org.springframework.test.context.event.EventPublishingTestExecutionListener@3d512c33, org.springframework.boot.test.autoconfigure.restdocs.RestDocsTestExecutionListener@62f8d5ef, org.springframework.boot.test.autoconfigure.web.client.MockRestServiceServerResetTestExecutionListener@674d53d3, org.springframework.boot.test.autoconfigure.web.servlet.MockMvcPrintOnlyOnFailureTestExecutionListener@40e6e2dc, org.springframework.boot.test.autoconfigure.web.servlet.WebDriverTestExecutionListener@74e27e47, org.springframework.boot.test.autoconfigure.webservices.client.MockWebServiceServerTestExecutionListener@50119a99, org.springframework.boot.test.mock.mockito.ResetMocksTestExecutionListener@5dcf8883]
00:55:05.997 [Test worker] DEBUG org.springframework.test.context.support.AbstractDirtiesContextTestExecutionListener - Before test class: context [DefaultTestContext@188d6893 testClass = ApplicationRunnerTest, testInstance = [null], testMethod = [null], testException = [null], mergedContextConfiguration = [WebMergedContextConfiguration@6c62820b testClass = ApplicationRunnerTest, locations = '{}', classes = '{class com.cryptoGame.ApplicationRunner}', contextInitializerClasses = '[]', activeProfiles = '{}', propertySourceLocations = '{}', propertySourceProperties = '{org.springframework.boot.test.context.SpringBootTestContextBootstrapper=true}', contextCustomizers = set[org.springframework.boot.test.autoconfigure.actuate.metrics.MetricsExportContextCustomizerFactory$DisableMetricExportContextCustomizer@12b845, org.springframework.boot.test.autoconfigure.properties.PropertyMappingContextCustomizer@0, org.springframework.boot.test.autoconfigure.web.servlet.WebDriverContextCustomizerFactory$Customizer@30d3f8a9, org.springframework.boot.test.context.filter.ExcludeFilterContextCustomizer@4eabf2d2, org.springframework.boot.test.json.DuplicateJsonObjectContextCustomizerFactory$DuplicateJsonObjectContextCustomizer@26dbe06e, org.springframework.boot.test.mock.mockito.MockitoContextCustomizer@0, org.springframework.boot.test.web.client.TestRestTemplateContextCustomizer@1868d678, org.springframework.boot.test.context.SpringBootTestArgs@1, org.springframework.boot.test.context.SpringBootTestWebEnvironment@675f1366], resourceBasePath = 'src/main/webapp', contextLoader = 'org.springframework.boot.test.context.SpringBootContextLoader', parent = [null]], attributes = map['org.springframework.test.context.web.ServletTestExecutionListener.activateListener' -> true]], class annotated with @DirtiesContext [false] with mode [null].
00:55:06.034 [Test worker] DEBUG org.springframework.test.context.support.TestPropertySourceUtils - Adding inlined properties to environment: {spring.jmx.enabled=false, org.springframework.boot.test.context.SpringBootTestContextBootstrapper=true}

  .   ____          _            __ _ _
 /\\ / ___'_ __ _ _(_)_ __  __ _ \ \ \ \
( ( )\___ | '_ | '_| | '_ \/ _` | \ \ \ \
 \\/  ___)| |_)| | | | | || (_| |  ) ) ) )
  '  |____| .__|_| |_|_| |_\__, | / / / /
 =========|_|==============|___/=/_/_/_/
 :: Spring Boot ::               (v2.4.12)

2022-03-04 00:55:06.328  INFO 16500 --- [    Test worker] com.cryptoGame.ApplicationRunnerTest     : Starting ApplicationRunnerTest using Java 11.0.12 on DESKTOP-OP46SOO with PID 16500 (started by User in D:\Users\User\IdeaProjects\crypto-game)
2022-03-04 00:55:06.331  INFO 16500 --- [    Test worker] com.cryptoGame.ApplicationRunnerTest     : No active profile set, falling back to default profiles: default
2022-03-04 00:55:07.559  INFO 16500 --- [    Test worker] .s.d.r.c.RepositoryConfigurationDelegate : Multiple Spring Data modules found, entering strict repository configuration mode!
2022-03-04 00:55:07.562  INFO 16500 --- [    Test worker] .s.d.r.c.RepositoryConfigurationDelegate : Bootstrapping Spring Data JDBC repositories in DEFAULT mode.
2022-03-04 00:55:07.613  INFO 16500 --- [    Test worker] .RepositoryConfigurationExtensionSupport : Spring Data JDBC - Could not safely identify store assignment for repository candidate interface com.cryptoGame.repository.UserRepository. If you want this repository to be a JDBC repository, consider annotating your entities with one of these annotations: org.springframework.data.relational.core.mapping.Table.
2022-03-04 00:55:07.615  INFO 16500 --- [    Test worker] .s.d.r.c.RepositoryConfigurationDelegate : Finished Spring Data repository scanning in 45 ms. Found 0 JDBC repository interfaces.
2022-03-04 00:55:07.636  INFO 16500 --- [    Test worker] .s.d.r.c.RepositoryConfigurationDelegate : Multiple Spring Data modules found, entering strict repository configuration mode!
2022-03-04 00:55:07.641  INFO 16500 --- [    Test worker] .s.d.r.c.RepositoryConfigurationDelegate : Bootstrapping Spring Data JPA repositories in DEFAULT mode.
2022-03-04 00:55:07.704  INFO 16500 --- [    Test worker] .s.d.r.c.RepositoryConfigurationDelegate : Finished Spring Data repository scanning in 54 ms. Found 1 JPA repository interfaces.
2022-03-04 00:55:08.324  INFO 16500 --- [    Test worker] o.hibernate.jpa.internal.util.LogHelper  : HHH000204: Processing PersistenceUnitInfo [name: default]
2022-03-04 00:55:08.381  INFO 16500 --- [    Test worker] org.hibernate.Version                    : HHH000412: Hibernate ORM core version 5.4.32.Final
2022-03-04 00:55:08.535  INFO 16500 --- [    Test worker] o.hibernate.annotations.common.Version   : HCANN000001: Hibernate Commons Annotations {5.1.2.Final}
2022-03-04 00:55:08.646  INFO 16500 --- [    Test worker] com.zaxxer.hikari.HikariDataSource       : HikariPool-1 - Starting...
2022-03-04 00:55:09.292  INFO 16500 --- [    Test worker] com.zaxxer.hikari.HikariDataSource       : HikariPool-1 - Start completed.
2022-03-04 00:55:09.329  INFO 16500 --- [    Test worker] org.hibernate.dialect.Dialect            : HHH000400: Using dialect: org.hibernate.dialect.MySQL57Dialect
2022-03-04 00:55:11.315  INFO 16500 --- [    Test worker] o.h.e.t.j.p.i.JtaPlatformInitiator       : HHH000490: Using JtaPlatform implementation: [org.hibernate.engine.transaction.jta.platform.internal.NoJtaPlatform]
2022-03-04 00:55:11.330  INFO 16500 --- [    Test worker] j.LocalContainerEntityManagerFactoryBean : Initialized JPA EntityManagerFactory for persistence unit 'default'
2022-03-04 00:55:11.819  WARN 16500 --- [    Test worker] JpaBaseConfiguration$JpaWebConfiguration : spring.jpa.open-in-view is enabled by default. Therefore, database queries may be performed during view rendering. Explicitly configure spring.jpa.open-in-view to disable this warning
2022-03-04 00:55:12.720  INFO 16500 --- [    Test worker] o.s.b.a.e.web.EndpointLinksResolver      : Exposing 2 endpoint(s) beneath base path '/actuator'
2022-03-04 00:55:12.765  INFO 16500 --- [    Test worker] com.cryptoGame.ApplicationRunnerTest     : Started ApplicationRunnerTest in 6.726 seconds (JVM running for 7.962)
]]></system-out>
  <system-err><![CDATA[]]></system-err>
</testsuite>
