<?xml version="1.0" encoding="UTF-8"?>
<testsuite name="com.cryptoGame.externalApis.cryptoStock.nomics.NomicsConfigTest" tests="2" skipped="0" failures="0" errors="0" timestamp="2022-03-03T23:55:12" hostname="DESKTOP-OP46SOO" time="0.008">
  <properties/>
  <testcase name="getDefaultCurrencies()" classname="com.cryptoGame.externalApis.cryptoStock.nomics.NomicsConfigTest" time="0.004"/>
  <testcase name="getNomicsApiKey()" classname="com.cryptoGame.externalApis.cryptoStock.nomics.NomicsConfigTest" time="0.003"/>
  <system-out><![CDATA[2022-03-04 00:55:12.933  INFO 16500 --- [    Test worker] .b.t.c.SpringBootTestContextBootstrapper : Neither @ContextConfiguration nor @ContextHierarchy found for test class [com.cryptoGame.externalApis.cryptoStock.nomics.NomicsConfigTest], using SpringBootContextLoader
2022-03-04 00:55:12.934  INFO 16500 --- [    Test worker] o.s.t.c.support.AbstractContextLoader    : Could not detect default resource locations for test class [com.cryptoGame.externalApis.cryptoStock.nomics.NomicsConfigTest]: no resource found for suffixes {-context.xml, Context.groovy}.
2022-03-04 00:55:12.935  INFO 16500 --- [    Test worker] t.c.s.AnnotationConfigContextLoaderUtils : Could not detect default configuration classes for test class [com.cryptoGame.externalApis.cryptoStock.nomics.NomicsConfigTest]: NomicsConfigTest does not declare any static, non-private, non-final, nested classes annotated with @Configuration.
2022-03-04 00:55:12.941  INFO 16500 --- [    Test worker] .b.t.c.SpringBootTestContextBootstrapper : Found @SpringBootConfiguration com.cryptoGame.ApplicationRunner for test class com.cryptoGame.externalApis.cryptoStock.nomics.NomicsConfigTest
2022-03-04 00:55:12.943  INFO 16500 --- [    Test worker] .b.t.c.SpringBootTestContextBootstrapper : Loaded default TestExecutionListener class names from location [META-INF/spring.factories]: [org.springframework.boot.test.autoconfigure.restdocs.RestDocsTestExecutionListener, org.springframework.boot.test.autoconfigure.web.client.MockRestServiceServerResetTestExecutionListener, org.springframework.boot.test.autoconfigure.web.servlet.MockMvcPrintOnlyOnFailureTestExecutionListener, org.springframework.boot.test.autoconfigure.web.servlet.WebDriverTestExecutionListener, org.springframework.boot.test.autoconfigure.webservices.client.MockWebServiceServerTestExecutionListener, org.springframework.boot.test.mock.mockito.MockitoTestExecutionListener, org.springframework.boot.test.mock.mockito.ResetMocksTestExecutionListener, org.springframework.test.context.web.ServletTestExecutionListener, org.springframework.test.context.support.DirtiesContextBeforeModesTestExecutionListener, org.springframework.test.context.event.ApplicationEventsTestExecutionListener, org.springframework.test.context.support.DependencyInjectionTestExecutionListener, org.springframework.test.context.support.DirtiesContextTestExecutionListener, org.springframework.test.context.transaction.TransactionalTestExecutionListener, org.springframework.test.context.jdbc.SqlScriptsTestExecutionListener, org.springframework.test.context.event.EventPublishingTestExecutionListener]
2022-03-04 00:55:12.943  INFO 16500 --- [    Test worker] .b.t.c.SpringBootTestContextBootstrapper : Using TestExecutionListeners: [org.springframework.test.context.web.ServletTestExecutionListener@5f42f02a, org.springframework.test.context.support.DirtiesContextBeforeModesTestExecutionListener@3c4ddaf9, org.springframework.test.context.event.ApplicationEventsTestExecutionListener@749d1192, org.springframework.boot.test.mock.mockito.MockitoTestExecutionListener@24548c8, org.springframework.boot.test.autoconfigure.SpringBootDependencyInjectionTestExecutionListener@4a4e3b0a, org.springframework.test.context.support.DirtiesContextTestExecutionListener@1806baa8, org.springframework.test.context.transaction.TransactionalTestExecutionListener@40b39bb, org.springframework.test.context.jdbc.SqlScriptsTestExecutionListener@2ca022fa, org.springframework.test.context.event.EventPublishingTestExecutionListener@170dda0f, org.springframework.boot.test.autoconfigure.restdocs.RestDocsTestExecutionListener@3a73f1bc, org.springframework.boot.test.autoconfigure.web.client.MockRestServiceServerResetTestExecutionListener@6768c1a8, org.springframework.boot.test.autoconfigure.web.servlet.MockMvcPrintOnlyOnFailureTestExecutionListener@4af2884d, org.springframework.boot.test.autoconfigure.web.servlet.WebDriverTestExecutionListener@3356febe, org.springframework.boot.test.autoconfigure.webservices.client.MockWebServiceServerTestExecutionListener@168d1779, org.springframework.boot.test.mock.mockito.ResetMocksTestExecutionListener@37c9f181]
]]></system-out>
  <system-err><![CDATA[]]></system-err>
</testsuite>
