<?xml version="1.0" encoding="UTF-8"?>
<testsuite name="com.cryptoGame.domain.dtos.CoinDtoTest" tests="1" skipped="0" failures="0" errors="0" timestamp="2022-03-03T23:55:12" hostname="DESKTOP-OP46SOO" time="0.0">
  <properties/>
  <testcase name="getSymbol()" classname="com.cryptoGame.domain.dtos.CoinDtoTest" time="0.0"/>
  <system-out><![CDATA[]]></system-out>
  <system-err><![CDATA[]]></system-err>
</testsuite>
